<?xml version="1.0" encoding="UTF-8"?>
<testng-results skipped="0" failed="0" ignored="0" total="1" passed="1">
  <reporter-output>
  </reporter-output>
  <suite name="Suite" duration-ms="3808" started-at="2018-10-24T11:18:21Z" finished-at="2018-10-24T11:18:25Z">
    <groups>
    </groups>
    <test name="Test" duration-ms="3808" started-at="2018-10-24T11:18:21Z" finished-at="2018-10-24T11:18:25Z">
      <class name="org.cucumber.tests.OpenMRSTests">
        <test-method status="PASS" signature="setUP()[pri:0, instance:org.cucumber.tests.OpenMRSTests@652ce654]" name="setUP" is-config="true" duration-ms="1737" started-at="2018-10-24T11:18:21Z" finished-at="2018-10-24T11:18:22Z">
          <reporter-output>
          </reporter-output>
        </test-method> <!-- setUP -->
        <test-method status="PASS" signature="login(cucumber.api.testng.CucumberFeatureWrapper)[pri:0, instance:org.cucumber.tests.OpenMRSTests@652ce654]" name="login" duration-ms="1909" started-at="2018-10-24T11:18:23Z" description="login" data-provider="features" finished-at="2018-10-24T11:18:24Z">
          <params>
            <param index="0">
              <value>
                <![CDATA[feature name]]>
              </value>
            </param>
          </params>
          <reporter-output>
          </reporter-output>
        </test-method> <!-- login -->
        <test-method status="PASS" signature="tearDown()[pri:0, instance:org.cucumber.tests.OpenMRSTests@652ce654]" name="tearDown" is-config="true" duration-ms="87" started-at="2018-10-24T11:18:24Z" finished-at="2018-10-24T11:18:25Z">
          <reporter-output>
          </reporter-output>
        </test-method> <!-- tearDown -->
      </class> <!-- org.cucumber.tests.OpenMRSTests -->
    </test> <!-- Test -->
  </suite> <!-- Suite -->
</testng-results>
